#-----------------------------------------------------------
# Vivado v2019.2 (64-bit)
# SW Build 2708876 on Wed Nov  6 21:40:23 MST 2019
# IP Build 2700528 on Thu Nov  7 00:09:20 MST 2019
# Start of session at: Fri May  1 10:31:42 2020
# Process ID: 19576
# Current directory: C:/Users/Melan/Desktop/ECE368/CISC24
# Command line: vivado.exe -gui_launcher_event rodinguilauncherevent5140 C:\Users\Melan\Desktop\ECE368\CISC24\CISC24.xpr
# Log file: C:/Users/Melan/Desktop/ECE368/CISC24/vivado.log
# Journal file: C:/Users/Melan/Desktop/ECE368/CISC24\vivado.jou
#-----------------------------------------------------------
start_gui
open_project C:/Users/Melan/Desktop/ECE368/CISC24/CISC24.xpr
Scanning sources...
Finished scanning sources
INFO: [IP_Flow 19-234] Refreshing IP repositories
INFO: [IP_Flow 19-1704] No user IP repositories specified
INFO: [IP_Flow 19-2313] Loaded Vivado IP repository 'C:/Xilinx/Vivado/2019.2/data/ip'.
open_project: Time (s): cpu = 00:00:19 ; elapsed = 00:00:22 . Memory (MB): peak = 869.473 ; gain = 268.191
update_compile_order -fileset sources_1
close [ open C:/Users/Melan/Desktop/ECE368/CISC24/CISC24.srcs/sources_1/new/ALUTEST.vhd w ]
add_files C:/Users/Melan/Desktop/ECE368/CISC24/CISC24.srcs/sources_1/new/ALUTEST.vhd
update_compile_order -fileset sources_1
