#-----------------------------------------------------------
# Vivado v2019.2 (64-bit)
# SW Build 2708876 on Wed Nov  6 21:40:23 MST 2019
# IP Build 2700528 on Thu Nov  7 00:09:20 MST 2019
# Start of session at: Thu Apr 30 13:23:08 2020
# Process ID: 9944
# Current directory: C:/Users/Melan/Desktop/ECE368/CISC24
# Command line: vivado.exe -gui_launcher_event rodinguilauncherevent2616 C:\Users\Melan\Desktop\ECE368\CISC24\CISC24.xpr
# Log file: C:/Users/Melan/Desktop/ECE368/CISC24/vivado.log
# Journal file: C:/Users/Melan/Desktop/ECE368/CISC24\vivado.jou
#-----------------------------------------------------------
start_gui
open_project C:/Users/Melan/Desktop/ECE368/CISC24/CISC24.xpr
Scanning sources...
Finished scanning sources
INFO: [IP_Flow 19-234] Refreshing IP repositories
INFO: [IP_Flow 19-1704] No user IP repositories specified
INFO: [IP_Flow 19-2313] Loaded Vivado IP repository 'C:/Xilinx/Vivado/2019.2/data/ip'.
open_project: Time (s): cpu = 00:00:20 ; elapsed = 00:00:32 . Memory (MB): peak = 837.785 ; gain = 223.922
update_compile_order -fileset sources_1
close [ open C:/Users/Melan/Desktop/ECE368/CISC24/CISC24.srcs/sources_1/new/Test.vhd w ]
add_files C:/Users/Melan/Desktop/ECE368/CISC24/CISC24.srcs/sources_1/new/Test.vhd
update_compile_order -fileset sources_1
exit
INFO: [Common 17-206] Exiting Vivado at Thu Apr 30 21:59:34 2020...
